digraph Tree {
node [shape=box] ;
0 [label="X[31] <= 0.5\ngini = 0.27\nsamples = 1470\nvalue = [1233, 237]"] ;
1 [label="X[14] <= 2.5\ngini = 0.187\nsamples = 1054\nvalue = [944, 110]"] ;
0 -> 1 [labeldistance=2.5, labelangle=45, headlabel="True"] ;
2 [label="X[10] <= 58.5\ngini = 0.442\nsamples = 88\nvalue = [59, 29]"] ;
1 -> 2 ;
3 [label="X[28] <= 2.5\ngini = 0.496\nsamples = 33\nvalue = [15, 18]"] ;
2 -> 3 ;
4 [label="X[11] <= 3.5\ngini = 0.32\nsamples = 15\nvalue = [3, 12]"] ;
3 -> 4 ;
5 [label="X[5] <= 23351.0\ngini = 0.142\nsamples = 13\nvalue = [1, 12]"] ;
4 -> 5 ;
6 [label="gini = 0.0\nsamples = 11\nvalue = [0, 11]"] ;
5 -> 6 ;
7 [label="X[33] <= 0.5\ngini = 0.5\nsamples = 2\nvalue = [1, 1]"] ;
5 -> 7 ;
8 [label="gini = 0.0\nsamples = 1\nvalue = [0, 1]"] ;
7 -> 8 ;
9 [label="gini = 0.0\nsamples = 1\nvalue = [1, 0]"] ;
7 -> 9 ;
10 [label="gini = 0.0\nsamples = 2\nvalue = [2, 0]"] ;
4 -> 10 ;
11 [label="X[3] <= 2070.0\ngini = 0.444\nsamples = 18\nvalue = [12, 6]"] ;
3 -> 11 ;
12 [label="X[33] <= 1.5\ngini = 0.444\nsamples = 9\nvalue = [3, 6]"] ;
11 -> 12 ;
13 [label="X[29] <= 3.5\ngini = 0.245\nsamples = 7\nvalue = [1, 6]"] ;
12 -> 13 ;
14 [label="gini = 0.0\nsamples = 6\nvalue = [0, 6]"] ;
13 -> 14 ;
15 [label="gini = 0.0\nsamples = 1\nvalue = [1, 0]"] ;
13 -> 15 ;
16 [label="gini = 0.0\nsamples = 2\nvalue = [2, 0]"] ;
12 -> 16 ;
17 [label="gini = 0.0\nsamples = 9\nvalue = [9, 0]"] ;
11 -> 17 ;
18 [label="X[24] <= 1.5\ngini = 0.32\nsamples = 55\nvalue = [44, 11]"] ;
2 -> 18 ;
19 [label="X[1] <= 15.0\ngini = 0.49\nsamples = 7\nvalue = [3, 4]"] ;
18 -> 19 ;
20 [label="gini = 0.0\nsamples = 3\nvalue = [3, 0]"] ;
19 -> 20 ;
21 [label="gini = 0.0\nsamples = 4\nvalue = [0, 4]"] ;
19 -> 21 ;
22 [label="X[25] <= 1425.0\ngini = 0.249\nsamples = 48\nvalue = [41, 7]"] ;
18 -> 22 ;
23 [label="X[11] <= 1.0\ngini = 0.223\nsamples = 47\nvalue = [41, 6]"] ;
22 -> 23 ;
24 [label="X[25] <= 540.0\ngini = 0.5\nsamples = 4\nvalue = [2, 2]"] ;
23 -> 24 ;
25 [label="gini = 0.0\nsamples = 2\nvalue = [0, 2]"] ;
24 -> 25 ;
26 [label="gini = 0.0\nsamples = 2\nvalue = [2, 0]"] ;
24 -> 26 ;
27 [label="X[26] <= 1646.5\ngini = 0.169\nsamples = 43\nvalue = [39, 4]"] ;
23 -> 27 ;
28 [label="X[5] <= 6276.0\ngini = 0.1\nsamples = 38\nvalue = [36, 2]"] ;
27 -> 28 ;
29 [label="X[18] <= 12.5\ngini = 0.48\nsamples = 5\nvalue = [3, 2]"] ;
28 -> 29 ;
30 [label="gini = 0.0\nsamples = 3\nvalue = [3, 0]"] ;
29 -> 30 ;
31 [label="gini = 0.0\nsamples = 2\nvalue = [0, 2]"] ;
29 -> 31 ;
32 [label="gini = 0.0\nsamples = 33\nvalue = [33, 0]"] ;
28 -> 32 ;
33 [label="X[3] <= 1700.5\ngini = 0.48\nsamples = 5\nvalue = [3, 2]"] ;
27 -> 33 ;
34 [label="gini = 0.0\nsamples = 2\nvalue = [0, 2]"] ;
33 -> 34 ;
35 [label="gini = 0.0\nsamples = 3\nvalue = [3, 0]"] ;
33 -> 35 ;
36 [label="gini = 0.0\nsamples = 1\nvalue = [0, 1]"] ;
22 -> 36 ;
37 [label="X[27] <= 1.5\ngini = 0.154\nsamples = 966\nvalue = [885, 81]"] ;
1 -> 37 ;
38 [label="X[20] <= 0.5\ngini = 0.37\nsamples = 53\nvalue = [40, 13]"] ;
37 -> 38 ;
39 [label="X[13] <= 44.0\ngini = 0.408\nsamples = 7\nvalue = [2, 5]"] ;
38 -> 39 ;
40 [label="gini = 0.0\nsamples = 5\nvalue = [0, 5]"] ;
39 -> 40 ;
41 [label="gini = 0.0\nsamples = 2\nvalue = [2, 0]"] ;
39 -> 41 ;
42 [label="X[19] <= 6.0\ngini = 0.287\nsamples = 46\nvalue = [38, 8]"] ;
38 -> 42 ;
43 [label="X[24] <= 1.5\ngini = 0.18\nsamples = 40\nvalue = [36, 4]"] ;
42 -> 43 ;
44 [label="X[25] <= 438.0\ngini = 0.444\nsamples = 12\nvalue = [8, 4]"] ;
43 -> 44 ;
45 [label="X[14] <= 11.5\ngini = 0.375\nsamples = 4\nvalue = [1, 3]"] ;
44 -> 45 ;
46 [label="gini = 0.0\nsamples = 3\nvalue = [0, 3]"] ;
45 -> 46 ;
47 [label="gini = 0.0\nsamples = 1\nvalue = [1, 0]"] ;
45 -> 47 ;
48 [label="X[22] <= 0.5\ngini = 0.219\nsamples = 8\nvalue = [7, 1]"] ;
44 -> 48 ;
49 [label="gini = 0.0\nsamples = 1\nvalue = [0, 1]"] ;
48 -> 49 ;
50 [label="gini = 0.0\nsamples = 7\nvalue = [7, 0]"] ;
48 -> 50 ;
51 [label="gini = 0.0\nsamples = 28\nvalue = [28, 0]"] ;
43 -> 51 ;
52 [label="X[24] <= 2.5\ngini = 0.444\nsamples = 6\nvalue = [2, 4]"] ;
42 -> 52 ;
53 [label="gini = 0.0\nsamples = 2\nvalue = [2, 0]"] ;
52 -> 53 ;
54 [label="gini = 0.0\nsamples = 4\nvalue = [0, 4]"] ;
52 -> 54 ;
55 [label="X[14] <= 39.0\ngini = 0.138\nsamples = 913\nvalue = [845, 68]"] ;
37 -> 55 ;
56 [label="X[16] <= 4.5\ngini = 0.136\nsamples = 912\nvalue = [845, 67]"] ;
55 -> 56 ;
57 [label="X[19] <= 14.5\ngini = 0.107\nsamples = 702\nvalue = [662, 40]"] ;
56 -> 57 ;
58 [label="X[32] <= 7.5\ngini = 0.103\nsamples = 697\nvalue = [659, 38]"] ;
57 -> 58 ;
59 [label="X[13] <= 43.5\ngini = 0.094\nsamples = 668\nvalue = [635, 33]"] ;
58 -> 59 ;
60 [label="X[25] <= 110.0\ngini = 0.067\nsamples = 518\nvalue = [500, 18]"] ;
59 -> 60 ;
61 [label="X[3] <= 4416.0\ngini = 0.444\nsamples = 3\nvalue = [2, 1]"] ;
60 -> 61 ;
62 [label="gini = 0.0\nsamples = 1\nvalue = [0, 1]"] ;
61 -> 62 ;
63 [label="gini = 0.0\nsamples = 2\nvalue = [2, 0]"] ;
61 -> 63 ;
64 [label="X[18] <= 28.5\ngini = 0.064\nsamples = 515\nvalue = [498, 17]"] ;
60 -> 64 ;
65 [label="X[3] <= 7437.0\ngini = 0.058\nsamples = 503\nvalue = [488, 15]"] ;
64 -> 65 ;
66 [label="X[10] <= 72.5\ngini = 0.037\nsamples = 375\nvalue = [368, 7]"] ;
65 -> 66 ;
67 [label="gini = 0.0\nsamples = 217\nvalue = [217, 0]"] ;
66 -> 67 ;
68 [label="X[30] <= 4.5\ngini = 0.085\nsamples = 158\nvalue = [151, 7]"] ;
66 -> 68 ;
69 [label="X[2] <= 5.5\ngini = 0.134\nsamples = 97\nvalue = [90, 7]"] ;
68 -> 69 ;
70 [label="X[26] <= 35.0\ngini = 0.073\nsamples = 79\nvalue = [76, 3]"] ;
69 -> 70 ;
71 [label="X[18] <= 8.5\ngini = 0.375\nsamples = 4\nvalue = [3, 1]"] ;
70 -> 71 ;
72 [label="gini = 0.0\nsamples = 1\nvalue = [0, 1]"] ;
71 -> 72 ;
73 [label="gini = 0.0\nsamples = 3\nvalue = [3, 0]"] ;
71 -> 73 ;
74 [label="X[13] <= 37.5\ngini = 0.052\nsamples = 75\nvalue = [73, 2]"] ;
70 -> 74 ;
75 [label="gini = 0.0\nsamples = 60\nvalue = [60, 0]"] ;
74 -> 75 ;
76 [label="X[6] <= 1.5\ngini = 0.231\nsamples = 15\nvalue = [13, 2]"] ;
74 -> 76 ;
77 [label="X[30] <= 2.5\ngini = 0.444\nsamples = 3\nvalue = [1, 2]"] ;
76 -> 77 ;
78 [label="gini = 0.0\nsamples = 2\nvalue = [0, 2]"] ;
77 -> 78 ;
79 [label="gini = 0.0\nsamples = 1\nvalue = [1, 0]"] ;
77 -> 79 ;
80 [label="gini = 0.0\nsamples = 12\nvalue = [12, 0]"] ;
76 -> 80 ;
81 [label="X[5] <= 19747.0\ngini = 0.346\nsamples = 18\nvalue = [14, 4]"] ;
69 -> 81 ;
82 [label="X[16] <= 0.5\ngini = 0.219\nsamples = 16\nvalue = [14, 2]"] ;
81 -> 82 ;
83 [label="gini = 0.0\nsamples = 1\nvalue = [0, 1]"] ;
82 -> 83 ;
84 [label="X[14] <= 10.5\ngini = 0.124\nsamples = 15\nvalue = [14, 1]"] ;
82 -> 84 ;
85 [label="gini = 0.0\nsamples = 13\nvalue = [13, 0]"] ;
84 -> 85 ;
86 [label="X[33] <= 0.5\ngini = 0.5\nsamples = 2\nvalue = [1, 1]"] ;
84 -> 86 ;
87 [label="gini = 0.0\nsamples = 1\nvalue = [1, 0]"] ;
86 -> 87 ;
88 [label="gini = 0.0\nsamples = 1\nvalue = [0, 1]"] ;
86 -> 88 ;
89 [label="gini = 0.0\nsamples = 2\nvalue = [0, 2]"] ;
81 -> 89 ;
90 [label="gini = 0.0\nsamples = 61\nvalue = [61, 0]"] ;
68 -> 90 ;
91 [label="X[3] <= 7468.5\ngini = 0.117\nsamples = 128\nvalue = [120, 8]"] ;
65 -> 91 ;
92 [label="gini = 0.0\nsamples = 1\nvalue = [0, 1]"] ;
91 -> 92 ;
93 [label="X[25] <= 153.5\ngini = 0.104\nsamples = 127\nvalue = [120, 7]"] ;
91 -> 93 ;
94 [label="X[10] <= 62.5\ngini = 0.48\nsamples = 5\nvalue = [3, 2]"] ;
93 -> 94 ;
95 [label="gini = 0.0\nsamples = 2\nvalue = [0, 2]"] ;
94 -> 95 ;
96 [label="gini = 0.0\nsamples = 3\nvalue = [3, 0]"] ;
94 -> 96 ;
97 [label="X[2] <= 1.5\ngini = 0.079\nsamples = 122\nvalue = [117, 5]"] ;
93 -> 97 ;
98 [label="X[6] <= 1.5\ngini = 0.444\nsamples = 6\nvalue = [4, 2]"] ;
97 -> 98 ;
99 [label="gini = 0.0\nsamples = 2\nvalue = [0, 2]"] ;
98 -> 99 ;
100 [label="gini = 0.0\nsamples = 4\nvalue = [4, 0]"] ;
98 -> 100 ;
101 [label="X[1] <= 12.5\ngini = 0.05\nsamples = 116\nvalue = [113, 3]"] ;
97 -> 101 ;
102 [label="X[13] <= 28.5\ngini = 0.18\nsamples = 30\nvalue = [27, 3]"] ;
101 -> 102 ;
103 [label="gini = 0.0\nsamples = 1\nvalue = [0, 1]"] ;
102 -> 103 ;
104 [label="X[10] <= 33.5\ngini = 0.128\nsamples = 29\nvalue = [27, 2]"] ;
102 -> 104 ;
105 [label="gini = 0.0\nsamples = 1\nvalue = [0, 1]"] ;
104 -> 105 ;
106 [label="X[18] <= 2.0\ngini = 0.069\nsamples = 28\nvalue = [27, 1]"] ;
104 -> 106 ;
107 [label="X[3] <= 9719.5\ngini = 0.375\nsamples = 4\nvalue = [3, 1]"] ;
106 -> 107 ;
108 [label="gini = 0.0\nsamples = 1\nvalue = [0, 1]"] ;
107 -> 108 ;
109 [label="gini = 0.0\nsamples = 3\nvalue = [3, 0]"] ;
107 -> 109 ;
110 [label="gini = 0.0\nsamples = 24\nvalue = [24, 0]"] ;
106 -> 110 ;
111 [label="gini = 0.0\nsamples = 86\nvalue = [86, 0]"] ;
101 -> 111 ;
112 [label="X[16] <= 0.5\ngini = 0.278\nsamples = 12\nvalue = [10, 2]"] ;
64 -> 112 ;
113 [label="gini = 0.0\nsamples = 1\nvalue = [0, 1]"] ;
112 -> 113 ;
114 [label="X[11] <= 3.5\ngini = 0.165\nsamples = 11\nvalue = [10, 1]"] ;
112 -> 114 ;
115 [label="gini = 0.0\nsamples = 10\nvalue = [10, 0]"] ;
114 -> 115 ;
116 [label="gini = 0.0\nsamples = 1\nvalue = [0, 1]"] ;
114 -> 116 ;
117 [label="X[10] <= 99.5\ngini = 0.18\nsamples = 150\nvalue = [135, 15]"] ;
59 -> 117 ;
118 [label="X[24] <= 3.5\ngini = 0.17\nsamples = 149\nvalue = [135, 14]"] ;
117 -> 118 ;
119 [label="X[3] <= 2658.5\ngini = 0.095\nsamples = 100\nvalue = [95, 5]"] ;
118 -> 119 ;
120 [label="X[11] <= 3.5\ngini = 0.375\nsamples = 8\nvalue = [6, 2]"] ;
119 -> 120 ;
121 [label="gini = 0.0\nsamples = 6\nvalue = [6, 0]"] ;
120 -> 121 ;
122 [label="gini = 0.0\nsamples = 2\nvalue = [0, 2]"] ;
120 -> 122 ;
123 [label="X[18] <= 20.5\ngini = 0.063\nsamples = 92\nvalue = [89, 3]"] ;
119 -> 123 ;
124 [label="X[6] <= 1.5\ngini = 0.025\nsamples = 78\nvalue = [77, 1]"] ;
123 -> 124 ;
125 [label="X[18] <= 7.5\ngini = 0.142\nsamples = 13\nvalue = [12, 1]"] ;
124 -> 125 ;
126 [label="gini = 0.0\nsamples = 12\nvalue = [12, 0]"] ;
125 -> 126 ;
127 [label="gini = 0.0\nsamples = 1\nvalue = [0, 1]"] ;
125 -> 127 ;
128 [label="gini = 0.0\nsamples = 65\nvalue = [65, 0]"] ;
124 -> 128 ;
129 [label="X[9] <= 2.5\ngini = 0.245\nsamples = 14\nvalue = [12, 2]"] ;
123 -> 129 ;
130 [label="X[19] <= 5.5\ngini = 0.444\nsamples = 3\nvalue = [1, 2]"] ;
129 -> 130 ;
131 [label="gini = 0.0\nsamples = 2\nvalue = [0, 2]"] ;
130 -> 131 ;
132 [label="gini = 0.0\nsamples = 1\nvalue = [1, 0]"] ;
130 -> 132 ;
133 [label="gini = 0.0\nsamples = 11\nvalue = [11, 0]"] ;
129 -> 133 ;
134 [label="X[16] <= 1.5\ngini = 0.3\nsamples = 49\nvalue = [40, 9]"] ;
118 -> 134 ;
135 [label="X[5] <= 15294.0\ngini = 0.49\nsamples = 14\nvalue = [8, 6]"] ;
134 -> 135 ;
136 [label="X[28] <= 3.5\ngini = 0.408\nsamples = 7\nvalue = [2, 5]"] ;
135 -> 136 ;
137 [label="gini = 0.0\nsamples = 5\nvalue = [0, 5]"] ;
136 -> 137 ;
138 [label="gini = 0.0\nsamples = 2\nvalue = [2, 0]"] ;
136 -> 138 ;
139 [label="X[8] <= 1.5\ngini = 0.245\nsamples = 7\nvalue = [6, 1]"] ;
135 -> 139 ;
140 [label="gini = 0.0\nsamples = 1\nvalue = [0, 1]"] ;
139 -> 140 ;
141 [label="gini = 0.0\nsamples = 6\nvalue = [6, 0]"] ;
139 -> 141 ;
142 [label="X[5] <= 24803.0\ngini = 0.157\nsamples = 35\nvalue = [32, 3]"] ;
134 -> 142 ;
143 [label="X[32] <= 6.5\ngini = 0.111\nsamples = 34\nvalue = [32, 2]"] ;
142 -> 143 ;
144 [label="gini = 0.0\nsamples = 27\nvalue = [27, 0]"] ;
143 -> 144 ;
145 [label="X[4] <= 0.5\ngini = 0.408\nsamples = 7\nvalue = [5, 2]"] ;
143 -> 145 ;
146 [label="gini = 0.0\nsamples = 4\nvalue = [4, 0]"] ;
145 -> 146 ;
147 [label="X[19] <= 2.5\ngini = 0.444\nsamples = 3\nvalue = [1, 2]"] ;
145 -> 147 ;
148 [label="gini = 0.0\nsamples = 1\nvalue = [1, 0]"] ;
147 -> 148 ;
149 [label="gini = 0.0\nsamples = 2\nvalue = [0, 2]"] ;
147 -> 149 ;
150 [label="gini = 0.0\nsamples = 1\nvalue = [0, 1]"] ;
142 -> 150 ;
151 [label="gini = 0.0\nsamples = 1\nvalue = [0, 1]"] ;
117 -> 151 ;
152 [label="X[25] <= 1412.0\ngini = 0.285\nsamples = 29\nvalue = [24, 5]"] ;
58 -> 152 ;
153 [label="X[11] <= 5.5\ngini = 0.198\nsamples = 27\nvalue = [24, 3]"] ;
152 -> 153 ;
154 [label="X[25] <= 383.5\ngini = 0.142\nsamples = 26\nvalue = [24, 2]"] ;
153 -> 154 ;
155 [label="X[9] <= 3.0\ngini = 0.48\nsamples = 5\nvalue = [3, 2]"] ;
154 -> 155 ;
156 [label="gini = 0.0\nsamples = 2\nvalue = [0, 2]"] ;
155 -> 156 ;
157 [label="gini = 0.0\nsamples = 3\nvalue = [3, 0]"] ;
155 -> 157 ;
158 [label="gini = 0.0\nsamples = 21\nvalue = [21, 0]"] ;
154 -> 158 ;
159 [label="gini = 0.0\nsamples = 1\nvalue = [0, 1]"] ;
153 -> 159 ;
160 [label="gini = 0.0\nsamples = 2\nvalue = [0, 2]"] ;
152 -> 160 ;
161 [label="X[11] <= 1.5\ngini = 0.48\nsamples = 5\nvalue = [3, 2]"] ;
57 -> 161 ;
162 [label="gini = 0.0\nsamples = 2\nvalue = [0, 2]"] ;
161 -> 162 ;
163 [label="gini = 0.0\nsamples = 3\nvalue = [3, 0]"] ;
161 -> 163 ;
164 [label="X[13] <= 33.5\ngini = 0.224\nsamples = 210\nvalue = [183, 27]"] ;
56 -> 164 ;
165 [label="X[10] <= 41.5\ngini = 0.416\nsamples = 61\nvalue = [43, 18]"] ;
164 -> 165 ;
166 [label="X[9] <= 3.5\ngini = 0.42\nsamples = 10\nvalue = [3, 7]"] ;
165 -> 166 ;
167 [label="X[6] <= 3.5\ngini = 0.219\nsamples = 8\nvalue = [1, 7]"] ;
166 -> 167 ;
168 [label="gini = 0.0\nsamples = 7\nvalue = [0, 7]"] ;
167 -> 168 ;
169 [label="gini = 0.0\nsamples = 1\nvalue = [1, 0]"] ;
167 -> 169 ;
170 [label="gini = 0.0\nsamples = 2\nvalue = [2, 0]"] ;
166 -> 170 ;
171 [label="X[14] <= 7.5\ngini = 0.338\nsamples = 51\nvalue = [40, 11]"] ;
165 -> 171 ;
172 [label="X[26] <= 841.0\ngini = 0.491\nsamples = 23\nvalue = [13, 10]"] ;
171 -> 172 ;
173 [label="X[26] <= 516.5\ngini = 0.42\nsamples = 10\nvalue = [3, 7]"] ;
172 -> 173 ;
174 [label="gini = 0.0\nsamples = 3\nvalue = [3, 0]"] ;
173 -> 174 ;
175 [label="gini = 0.0\nsamples = 7\nvalue = [0, 7]"] ;
173 -> 175 ;
176 [label="X[8] <= 2.5\ngini = 0.355\nsamples = 13\nvalue = [10, 3]"] ;
172 -> 176 ;
177 [label="X[1] <= 19.0\ngini = 0.375\nsamples = 4\nvalue = [1, 3]"] ;
176 -> 177 ;
178 [label="gini = 0.0\nsamples = 3\nvalue = [0, 3]"] ;
177 -> 178 ;
179 [label="gini = 0.0\nsamples = 1\nvalue = [1, 0]"] ;
177 -> 179 ;
180 [label="gini = 0.0\nsamples = 9\nvalue = [9, 0]"] ;
176 -> 180 ;
181 [label="X[26] <= 318.0\ngini = 0.069\nsamples = 28\nvalue = [27, 1]"] ;
171 -> 181 ;
182 [label="X[22] <= 1.0\ngini = 0.5\nsamples = 2\nvalue = [1, 1]"] ;
181 -> 182 ;
183 [label="gini = 0.0\nsamples = 1\nvalue = [1, 0]"] ;
182 -> 183 ;
184 [label="gini = 0.0\nsamples = 1\nvalue = [0, 1]"] ;
182 -> 184 ;
185 [label="gini = 0.0\nsamples = 26\nvalue = [26, 0]"] ;
181 -> 185 ;
186 [label="X[26] <= 54.0\ngini = 0.114\nsamples = 149\nvalue = [140, 9]"] ;
164 -> 186 ;
187 [label="X[5] <= 11781.5\ngini = 0.5\nsamples = 2\nvalue = [1, 1]"] ;
186 -> 187 ;
188 [label="gini = 0.0\nsamples = 1\nvalue = [0, 1]"] ;
187 -> 188 ;
189 [label="gini = 0.0\nsamples = 1\nvalue = [1, 0]"] ;
187 -> 189 ;
190 [label="X[26] <= 2037.5\ngini = 0.103\nsamples = 147\nvalue = [139, 8]"] ;
186 -> 190 ;
191 [label="X[28] <= 1.5\ngini = 0.092\nsamples = 145\nvalue = [138, 7]"] ;
190 -> 191 ;
192 [label="X[22] <= 0.5\ngini = 0.269\nsamples = 25\nvalue = [21, 4]"] ;
191 -> 192 ;
193 [label="X[25] <= 791.0\ngini = 0.49\nsamples = 7\nvalue = [4, 3]"] ;
192 -> 193 ;
194 [label="gini = 0.0\nsamples = 3\nvalue = [0, 3]"] ;
193 -> 194 ;
195 [label="gini = 0.0\nsamples = 4\nvalue = [4, 0]"] ;
193 -> 195 ;
196 [label="X[14] <= 7.5\ngini = 0.105\nsamples = 18\nvalue = [17, 1]"] ;
192 -> 196 ;
197 [label="gini = 0.0\nsamples = 1\nvalue = [0, 1]"] ;
196 -> 197 ;
198 [label="gini = 0.0\nsamples = 17\nvalue = [17, 0]"] ;
196 -> 198 ;
199 [label="X[5] <= 2540.5\ngini = 0.049\nsamples = 120\nvalue = [117, 3]"] ;
191 -> 199 ;
200 [label="X[27] <= 3.5\ngini = 0.444\nsamples = 3\nvalue = [2, 1]"] ;
199 -> 200 ;
201 [label="gini = 0.0\nsamples = 1\nvalue = [0, 1]"] ;
200 -> 201 ;
202 [label="gini = 0.0\nsamples = 2\nvalue = [2, 0]"] ;
200 -> 202 ;
203 [label="X[26] <= 1619.0\ngini = 0.034\nsamples = 117\nvalue = [115, 2]"] ;
199 -> 203 ;
204 [label="gini = 0.0\nsamples = 97\nvalue = [97, 0]"] ;
203 -> 204 ;
205 [label="X[19] <= 5.5\ngini = 0.18\nsamples = 20\nvalue = [18, 2]"] ;
203 -> 205 ;
206 [label="X[25] <= 1253.5\ngini = 0.1\nsamples = 19\nvalue = [18, 1]"] ;
205 -> 206 ;
207 [label="gini = 0.0\nsamples = 16\nvalue = [16, 0]"] ;
206 -> 207 ;
208 [label="X[0] <= 2.0\ngini = 0.444\nsamples = 3\nvalue = [2, 1]"] ;
206 -> 208 ;
209 [label="gini = 0.0\nsamples = 1\nvalue = [0, 1]"] ;
208 -> 209 ;
210 [label="gini = 0.0\nsamples = 2\nvalue = [2, 0]"] ;
208 -> 210 ;
211 [label="gini = 0.0\nsamples = 1\nvalue = [0, 1]"] ;
205 -> 211 ;
212 [label="X[13] <= 47.5\ngini = 0.5\nsamples = 2\nvalue = [1, 1]"] ;
190 -> 212 ;
213 [label="gini = 0.0\nsamples = 1\nvalue = [1, 0]"] ;
212 -> 213 ;
214 [label="gini = 0.0\nsamples = 1\nvalue = [0, 1]"] ;
212 -> 214 ;
215 [label="gini = 0.0\nsamples = 1\nvalue = [0, 1]"] ;
55 -> 215 ;
216 [label="X[3] <= 2475.0\ngini = 0.424\nsamples = 416\nvalue = [289, 127]"] ;
0 -> 216 [labeldistance=2.5, labelangle=-45, headlabel="False"] ;
217 [label="X[25] <= 931.0\ngini = 0.423\nsamples = 69\nvalue = [21, 48]"] ;
216 -> 217 ;
218 [label="X[13] <= 36.0\ngini = 0.214\nsamples = 41\nvalue = [5, 36]"] ;
217 -> 218 ;
219 [label="X[26] <= 1980.0\ngini = 0.111\nsamples = 34\nvalue = [2, 32]"] ;
218 -> 219 ;
220 [label="X[16] <= 0.5\ngini = 0.059\nsamples = 33\nvalue = [1, 32]"] ;
219 -> 220 ;
221 [label="X[27] <= 2.5\ngini = 0.444\nsamples = 3\nvalue = [1, 2]"] ;
220 -> 221 ;
222 [label="gini = 0.0\nsamples = 1\nvalue = [1, 0]"] ;
221 -> 222 ;
223 [label="gini = 0.0\nsamples = 2\nvalue = [0, 2]"] ;
221 -> 223 ;
224 [label="gini = 0.0\nsamples = 30\nvalue = [0, 30]"] ;
220 -> 224 ;
225 [label="gini = 0.0\nsamples = 1\nvalue = [1, 0]"] ;
219 -> 225 ;
226 [label="X[13] <= 42.5\ngini = 0.49\nsamples = 7\nvalue = [3, 4]"] ;
218 -> 226 ;
227 [label="X[7] <= 0.5\ngini = 0.375\nsamples = 4\nvalue = [3, 1]"] ;
226 -> 227 ;
228 [label="gini = 0.0\nsamples = 1\nvalue = [0, 1]"] ;
227 -> 228 ;
229 [label="gini = 0.0\nsamples = 3\nvalue = [3, 0]"] ;
227 -> 229 ;
230 [label="gini = 0.0\nsamples = 3\nvalue = [0, 3]"] ;
226 -> 230 ;
231 [label="X[30] <= 2.5\ngini = 0.49\nsamples = 28\nvalue = [16, 12]"] ;
217 -> 231 ;
232 [label="X[24] <= 3.5\ngini = 0.444\nsamples = 18\nvalue = [6, 12]"] ;
231 -> 232 ;
233 [label="X[5] <= 17204.5\ngini = 0.375\nsamples = 16\nvalue = [4, 12]"] ;
232 -> 233 ;
234 [label="X[6] <= 1.5\ngini = 0.26\nsamples = 13\nvalue = [2, 11]"] ;
233 -> 234 ;
235 [label="X[10] <= 57.0\ngini = 0.444\nsamples = 3\nvalue = [2, 1]"] ;
234 -> 235 ;
236 [label="gini = 0.0\nsamples = 1\nvalue = [0, 1]"] ;
235 -> 236 ;
237 [label="gini = 0.0\nsamples = 2\nvalue = [2, 0]"] ;
235 -> 237 ;
238 [label="gini = 0.0\nsamples = 10\nvalue = [0, 10]"] ;
234 -> 238 ;
239 [label="X[4] <= 0.5\ngini = 0.444\nsamples = 3\nvalue = [2, 1]"] ;
233 -> 239 ;
240 [label="gini = 0.0\nsamples = 2\nvalue = [2, 0]"] ;
239 -> 240 ;
241 [label="gini = 0.0\nsamples = 1\nvalue = [0, 1]"] ;
239 -> 241 ;
242 [label="gini = 0.0\nsamples = 2\nvalue = [2, 0]"] ;
232 -> 242 ;
243 [label="gini = 0.0\nsamples = 10\nvalue = [10, 0]"] ;
231 -> 243 ;
244 [label="X[22] <= 1.5\ngini = 0.352\nsamples = 347\nvalue = [268, 79]"] ;
216 -> 244 ;
245 [label="X[28] <= 2.5\ngini = 0.261\nsamples = 246\nvalue = [208, 38]"] ;
244 -> 245 ;
246 [label="X[16] <= 4.5\ngini = 0.399\nsamples = 80\nvalue = [58, 22]"] ;
245 -> 246 ;
247 [label="X[13] <= 31.5\ngini = 0.305\nsamples = 64\nvalue = [52, 12]"] ;
246 -> 247 ;
248 [label="X[10] <= 77.5\ngini = 0.475\nsamples = 18\nvalue = [11, 7]"] ;
247 -> 248 ;
249 [label="X[24] <= 2.5\ngini = 0.42\nsamples = 10\nvalue = [3, 7]"] ;
248 -> 249 ;
250 [label="gini = 0.0\nsamples = 3\nvalue = [3, 0]"] ;
249 -> 250 ;
251 [label="gini = 0.0\nsamples = 7\nvalue = [0, 7]"] ;
249 -> 251 ;
252 [label="gini = 0.0\nsamples = 8\nvalue = [8, 0]"] ;
248 -> 252 ;
253 [label="X[3] <= 2798.0\ngini = 0.194\nsamples = 46\nvalue = [41, 5]"] ;
247 -> 253 ;
254 [label="X[11] <= 0.5\ngini = 0.444\nsamples = 3\nvalue = [1, 2]"] ;
253 -> 254 ;
255 [label="gini = 0.0\nsamples = 1\nvalue = [1, 0]"] ;
254 -> 255 ;
256 [label="gini = 0.0\nsamples = 2\nvalue = [0, 2]"] ;
254 -> 256 ;
257 [label="X[18] <= 22.0\ngini = 0.13\nsamples = 43\nvalue = [40, 3]"] ;
253 -> 257 ;
258 [label="X[5] <= 23214.5\ngini = 0.053\nsamples = 37\nvalue = [36, 1]"] ;
257 -> 258 ;
259 [label="gini = 0.0\nsamples = 35\nvalue = [35, 0]"] ;
258 -> 259 ;
260 [label="X[6] <= 2.0\ngini = 0.5\nsamples = 2\nvalue = [1, 1]"] ;
258 -> 260 ;
261 [label="gini = 0.0\nsamples = 1\nvalue = [0, 1]"] ;
260 -> 261 ;
262 [label="gini = 0.0\nsamples = 1\nvalue = [1, 0]"] ;
260 -> 262 ;
263 [label="X[26] <= 452.5\ngini = 0.444\nsamples = 6\nvalue = [4, 2]"] ;
257 -> 263 ;
264 [label="gini = 0.0\nsamples = 2\nvalue = [0, 2]"] ;
263 -> 264 ;
265 [label="gini = 0.0\nsamples = 4\nvalue = [4, 0]"] ;
263 -> 265 ;
266 [label="X[26] <= 134.0\ngini = 0.469\nsamples = 16\nvalue = [6, 10]"] ;
246 -> 266 ;
267 [label="gini = 0.0\nsamples = 5\nvalue = [5, 0]"] ;
266 -> 267 ;
268 [label="X[14] <= 26.0\ngini = 0.165\nsamples = 11\nvalue = [1, 10]"] ;
266 -> 268 ;
269 [label="gini = 0.0\nsamples = 10\nvalue = [0, 10]"] ;
268 -> 269 ;
270 [label="gini = 0.0\nsamples = 1\nvalue = [1, 0]"] ;
268 -> 270 ;
271 [label="X[14] <= 2.5\ngini = 0.174\nsamples = 166\nvalue = [150, 16]"] ;
245 -> 271 ;
272 [label="X[22] <= 0.5\ngini = 0.5\nsamples = 6\nvalue = [3, 3]"] ;
271 -> 272 ;
273 [label="gini = 0.0\nsamples = 2\nvalue = [2, 0]"] ;
272 -> 273 ;
274 [label="X[25] <= 255.5\ngini = 0.375\nsamples = 4\nvalue = [1, 3]"] ;
272 -> 274 ;
275 [label="gini = 0.0\nsamples = 1\nvalue = [1, 0]"] ;
274 -> 275 ;
276 [label="gini = 0.0\nsamples = 3\nvalue = [0, 3]"] ;
274 -> 276 ;
277 [label="X[3] <= 19853.0\ngini = 0.149\nsamples = 160\nvalue = [147, 13]"] ;
271 -> 277 ;
278 [label="X[26] <= 2054.0\ngini = 0.14\nsamples = 159\nvalue = [147, 12]"] ;
277 -> 278 ;
279 [label="X[11] <= 5.5\ngini = 0.13\nsamples = 158\nvalue = [147, 11]"] ;
278 -> 279 ;
280 [label="X[11] <= 0.5\ngini = 0.11\nsamples = 154\nvalue = [145, 9]"] ;
279 -> 280 ;
281 [label="X[10] <= 67.5\ngini = 0.444\nsamples = 9\nvalue = [6, 3]"] ;
280 -> 281 ;
282 [label="gini = 0.0\nsamples = 3\nvalue = [0, 3]"] ;
281 -> 282 ;
283 [label="gini = 0.0\nsamples = 6\nvalue = [6, 0]"] ;
281 -> 283 ;
284 [label="X[32] <= 7.5\ngini = 0.079\nsamples = 145\nvalue = [139, 6]"] ;
280 -> 284 ;
285 [label="X[3] <= 3779.0\ngini = 0.067\nsamples = 143\nvalue = [138, 5]"] ;
284 -> 285 ;
286 [label="X[3] <= 3662.0\ngini = 0.211\nsamples = 25\nvalue = [22, 3]"] ;
285 -> 286 ;
287 [label="X[18] <= 18.0\ngini = 0.083\nsamples = 23\nvalue = [22, 1]"] ;
286 -> 287 ;
288 [label="gini = 0.0\nsamples = 19\nvalue = [19, 0]"] ;
287 -> 288 ;
289 [label="X[9] <= 2.5\ngini = 0.375\nsamples = 4\nvalue = [3, 1]"] ;
287 -> 289 ;
290 [label="gini = 0.0\nsamples = 3\nvalue = [3, 0]"] ;
289 -> 290 ;
291 [label="gini = 0.0\nsamples = 1\nvalue = [0, 1]"] ;
289 -> 291 ;
292 [label="gini = 0.0\nsamples = 2\nvalue = [0, 2]"] ;
286 -> 292 ;
293 [label="X[10] <= 97.0\ngini = 0.033\nsamples = 118\nvalue = [116, 2]"] ;
285 -> 293 ;
294 [label="X[2] <= 1.5\ngini = 0.017\nsamples = 114\nvalue = [113, 1]"] ;
293 -> 294 ;
295 [label="X[25] <= 1032.0\ngini = 0.245\nsamples = 7\nvalue = [6, 1]"] ;
294 -> 295 ;
296 [label="gini = 0.0\nsamples = 6\nvalue = [6, 0]"] ;
295 -> 296 ;
297 [label="gini = 0.0\nsamples = 1\nvalue = [0, 1]"] ;
295 -> 297 ;
298 [label="gini = 0.0\nsamples = 107\nvalue = [107, 0]"] ;
294 -> 298 ;
299 [label="X[33] <= 1.0\ngini = 0.375\nsamples = 4\nvalue = [3, 1]"] ;
293 -> 299 ;
300 [label="gini = 0.0\nsamples = 3\nvalue = [3, 0]"] ;
299 -> 300 ;
301 [label="gini = 0.0\nsamples = 1\nvalue = [0, 1]"] ;
299 -> 301 ;
302 [label="X[1] <= 14.5\ngini = 0.5\nsamples = 2\nvalue = [1, 1]"] ;
284 -> 302 ;
303 [label="gini = 0.0\nsamples = 1\nvalue = [0, 1]"] ;
302 -> 303 ;
304 [label="gini = 0.0\nsamples = 1\nvalue = [1, 0]"] ;
302 -> 304 ;
305 [label="X[6] <= 1.5\ngini = 0.5\nsamples = 4\nvalue = [2, 2]"] ;
279 -> 305 ;
306 [label="gini = 0.0\nsamples = 2\nvalue = [0, 2]"] ;
305 -> 306 ;
307 [label="gini = 0.0\nsamples = 2\nvalue = [2, 0]"] ;
305 -> 307 ;
308 [label="gini = 0.0\nsamples = 1\nvalue = [0, 1]"] ;
278 -> 308 ;
309 [label="gini = 0.0\nsamples = 1\nvalue = [0, 1]"] ;
277 -> 309 ;
310 [label="X[32] <= 6.5\ngini = 0.482\nsamples = 101\nvalue = [60, 41]"] ;
244 -> 310 ;
311 [label="X[3] <= 4035.0\ngini = 0.404\nsamples = 64\nvalue = [46, 18]"] ;
310 -> 311 ;
312 [label="X[10] <= 47.5\ngini = 0.472\nsamples = 21\nvalue = [8, 13]"] ;
311 -> 312 ;
313 [label="gini = 0.0\nsamples = 4\nvalue = [4, 0]"] ;
312 -> 313 ;
314 [label="X[5] <= 20762.0\ngini = 0.36\nsamples = 17\nvalue = [4, 13]"] ;
312 -> 314 ;
315 [label="X[10] <= 99.0\ngini = 0.231\nsamples = 15\nvalue = [2, 13]"] ;
314 -> 315 ;
316 [label="X[10] <= 53.5\ngini = 0.133\nsamples = 14\nvalue = [1, 13]"] ;
315 -> 316 ;
317 [label="X[18] <= 4.5\ngini = 0.5\nsamples = 2\nvalue = [1, 1]"] ;
316 -> 317 ;
318 [label="gini = 0.0\nsamples = 1\nvalue = [1, 0]"] ;
317 -> 318 ;
319 [label="gini = 0.0\nsamples = 1\nvalue = [0, 1]"] ;
317 -> 319 ;
320 [label="gini = 0.0\nsamples = 12\nvalue = [0, 12]"] ;
316 -> 320 ;
321 [label="gini = 0.0\nsamples = 1\nvalue = [1, 0]"] ;
315 -> 321 ;
322 [label="gini = 0.0\nsamples = 2\nvalue = [2, 0]"] ;
314 -> 322 ;
323 [label="X[25] <= 1409.5\ngini = 0.206\nsamples = 43\nvalue = [38, 5]"] ;
311 -> 323 ;
324 [label="X[3] <= 19157.0\ngini = 0.172\nsamples = 42\nvalue = [38, 4]"] ;
323 -> 324 ;
325 [label="X[26] <= 147.5\ngini = 0.136\nsamples = 41\nvalue = [38, 3]"] ;
324 -> 325 ;
326 [label="X[25] <= 570.5\ngini = 0.5\nsamples = 4\nvalue = [2, 2]"] ;
325 -> 326 ;
327 [label="gini = 0.0\nsamples = 2\nvalue = [2, 0]"] ;
326 -> 327 ;
328 [label="gini = 0.0\nsamples = 2\nvalue = [0, 2]"] ;
326 -> 328 ;
329 [label="X[11] <= 1.5\ngini = 0.053\nsamples = 37\nvalue = [36, 1]"] ;
325 -> 329 ;
330 [label="X[8] <= 3.5\ngini = 0.5\nsamples = 2\nvalue = [1, 1]"] ;
329 -> 330 ;
331 [label="gini = 0.0\nsamples = 1\nvalue = [0, 1]"] ;
330 -> 331 ;
332 [label="gini = 0.0\nsamples = 1\nvalue = [1, 0]"] ;
330 -> 332 ;
333 [label="gini = 0.0\nsamples = 35\nvalue = [35, 0]"] ;
329 -> 333 ;
334 [label="gini = 0.0\nsamples = 1\nvalue = [0, 1]"] ;
324 -> 334 ;
335 [label="gini = 0.0\nsamples = 1\nvalue = [0, 1]"] ;
323 -> 335 ;
336 [label="X[19] <= 1.5\ngini = 0.47\nsamples = 37\nvalue = [14, 23]"] ;
310 -> 336 ;
337 [label="X[24] <= 3.5\ngini = 0.497\nsamples = 26\nvalue = [14, 12]"] ;
336 -> 337 ;
338 [label="X[5] <= 7594.5\ngini = 0.444\nsamples = 15\nvalue = [5, 10]"] ;
337 -> 338 ;
339 [label="gini = 0.0\nsamples = 3\nvalue = [3, 0]"] ;
338 -> 339 ;
340 [label="X[26] <= 1371.5\ngini = 0.278\nsamples = 12\nvalue = [2, 10]"] ;
338 -> 340 ;
341 [label="gini = 0.0\nsamples = 9\nvalue = [0, 9]"] ;
340 -> 341 ;
342 [label="X[13] <= 34.5\ngini = 0.444\nsamples = 3\nvalue = [2, 1]"] ;
340 -> 342 ;
343 [label="gini = 0.0\nsamples = 1\nvalue = [0, 1]"] ;
342 -> 343 ;
344 [label="gini = 0.0\nsamples = 2\nvalue = [2, 0]"] ;
342 -> 344 ;
345 [label="X[16] <= 6.0\ngini = 0.298\nsamples = 11\nvalue = [9, 2]"] ;
337 -> 345 ;
346 [label="gini = 0.0\nsamples = 8\nvalue = [8, 0]"] ;
345 -> 346 ;
347 [label="X[26] <= 769.0\ngini = 0.444\nsamples = 3\nvalue = [1, 2]"] ;
345 -> 347 ;
348 [label="gini = 0.0\nsamples = 2\nvalue = [0, 2]"] ;
347 -> 348 ;
349 [label="gini = 0.0\nsamples = 1\nvalue = [1, 0]"] ;
347 -> 349 ;
350 [label="gini = 0.0\nsamples = 11\nvalue = [0, 11]"] ;
336 -> 350 ;
}